2019-11-15 21:50:16,413 INFO  [main] (WebswingServlet.java:35) Initializing Webswing...
2019-11-15 21:50:16,696 INFO  [main] (DefaultInitializer.java:29) Using Temp folder:C:\Users\Alvin\Downloads\webswing-2.7\webswing-examples-2.7\tmp\release
2019-11-15 21:50:16,697 INFO  [main] (DefaultInitializer.java:33) Using Root folder:C:\Users\Alvin\Downloads\webswing-2.7\webswing-examples-2.7
2019-11-15 21:50:16,698 INFO  [main] (DefaultInitializer.java:43) Using War file:file:/C:/Users/Alvin/Downloads/webswing-2.7/webswing-examples-2.7/webswing-server.war
2019-11-15 21:50:16,698 INFO  [main] (DefaultInitializer.java:47) Using Config file:file:/C:/Users/Alvin/Downloads/webswing-2.7/webswing-examples-2.7/webswing.config
2019-11-15 21:50:17,247 INFO  [main] (StartupServiceImpl.java:33) Starting service JmsServiceImpl
2019-11-15 21:50:17,442 INFO  [main] (StartupServiceImpl.java:33) Starting service WebSocketServiceImpl
2019-11-15 21:50:19,331 INFO  [main] (StartupServiceImpl.java:33) Starting service ConfigurationServiceImpl
2019-11-15 21:50:19,510 INFO  [main] (StartupServiceImpl.java:33) Starting service ExtensionServiceImpl
2019-11-15 21:50:19,512 INFO  [main] (ExtensionServiceImpl.java:40) Initializing extension provider org.webswing.server.extension.DefaultExtensionProvider
2019-11-15 21:50:19,513 INFO  [main] (StartupServiceImpl.java:33) Starting service StatisticsLoggerServiceImpl
2019-11-15 21:50:19,514 INFO  [main] (StartupServiceImpl.java:33) Starting service SwingProcessServiceImpl
2019-11-15 21:50:19,515 INFO  [main] (SecurityManagerServiceImpl.java:43) Starting SecurityManagerServiceImpl
2019-11-15 21:50:19,996 INFO  [main] (GlobalUrlHandler.java:162) Loading configured Applications.
2019-11-15 21:50:20,028 INFO  [main] (GlobalUrlHandler.java:180) Installing application /swingset3
2019-11-15 21:50:20,030 INFO  [main] (GlobalUrlHandler.java:180) Installing application /netbeans
2019-11-15 21:50:20,031 INFO  [main] (GlobalUrlHandler.java:180) Installing application /applet
2019-11-15 21:50:20,031 INFO  [main] (GlobalUrlHandler.java:180) Installing application /javafx
2019-11-15 21:50:20,224 INFO  [main] (GlobalUrlHandler.java:150) Loading master security module.({module=EMBEDED, config={users=[{username=admin, password=pwd, roles=[admin]}, {username=support, password=pwd, roles=[support]}, {username=user, password=pwd}]}, classPath=[]}).
2019-11-15 21:51:06,270 INFO  [qtp7289688-42] (SwingProcessImpl.java:80) Starting application process [swingset3_admin_9a959bfc9f4b_1573883465989] from [C:\Users\Alvin\Downloads\webswing-2.7\webswing-examples-2.7\apps\SwingSet3\admin] :[C:\Program, Files, (x86)\Java\jre1.8.0_201\bin\java, -Xbootclasspath/a:C:/Users/Alvin/Downloads/webswing-2.7/webswing-examples-2.7/tmp/release/WEB-INF_swing-boot_webswing-api-2.7.jar;C:/Users/Alvin/Downloads/webswing-2.7/webswing-examples-2.7/tmp/release/WEB-INF_swing-boot_webswing-app-toolkit-java8-2.7.jar;C:/Users/Alvin/Downloads/webswing-2.7/webswing-examples-2.7/tmp/release/WEB-INF_swing-boot_webswing-app-toolkit-2.7.jar;C:/Users/Alvin/Downloads/webswing-2.7/webswing-examples-2.7/tmp/release/WEB-INF_swing-boot_java.desktop.modpatch-1.jar;C:/Users/Alvin/Downloads/webswing-2.7/webswing-examples-2.7/tmp/release/WEB-INF_swing-boot_webswing-app-toolkit-fx-2.7-java11.jar;C:/Users/Alvin/Downloads/webswing-2.7/webswing-examples-2.7/tmp/release/WEB-INF_swing-boot_webswing-app-toolkit-fx-java8-2.7.jar;C:\Program Files (x86)\Java\jre1.8.0_201\lib\ext\jfxrt.jar, -noverify, -Xmx128m, -DauthorizedUser=admin, -Dwebswing.allowAutoDownload=true, -Dwebswing.initialUrl=http://localhost:8080/swingset3/, -Dwebswing.sessionTimeoutIfInactive=false, -Dawt.toolkit=org.webswing.toolkit.WebToolkit8, -Dwebswing.tempDirPath=file:/C:/Users/Alvin/Downloads/webswing-2.7/webswing-examples-2.7/tmp/release/, -Dwebswing.printerJobDelegate=org.webswing.toolkit.WebPrinterJob, -Dwebswing.allowJsLink=true, -Dwebswing.transparentFileSave=true, -Dwebswing.allowUpload=true, -Dwebswing.directdraw.supported=true, -Dwebswing.sessionTimeoutSec=300, -Dwebswing.screenHeight=1238, -Dwebswing.isolatedFs=true, -Dwebswing.allowDownload=true, -Dprism.lcdtext=false, -Dwebswing.transparentFileOpen=true, -Dwebswing.jmsUrl=nio://127.0.0.1:34455, -Dprism.text=t2k, -Dwebswing.allowDelete=true, -Dwebswing.clientId=swingset3_admin_9a959bfc9f4b_1573883465989, -Dwebswing.mainClass=com.sun.swingset3.SwingSet3, -Dwebswing.applicationHome=C:\Users\Alvin\Downloads\webswing-2.7\webswing-examples-2.7\apps\SwingSet3, -Dwebswing.compositingWindowManager=false, -Dwebswing.screenWidth=1278, -Djava.awt.printerjob=org.webswing.toolkit.WebPrinterJobWrapper, -Dwebswing.fxToolkitFactory=org.webswing.javafx.toolkit.WebsinwgFxToolkitFactory8, -Dwebswing.allowLocalClipboard=true, -Dwebswing.messagingApiTopicName=msgApiSharedTopic/swingset3, -Dglass.platform=Web, -Dwebswing.classPath=C:\Users\Alvin\Downloads\webswing-2.7\webswing-examples-2.7/apps/javafx/*.jar;C:\Users\Alvin\Downloads\webswing-2.7\webswing-examples-2.7/apps/SwingSet3/SwingSet3.jar;C:\Users\Alvin\Downloads\webswing-2.7\webswing-examples-2.7/apps/SwingSet3/*.jar, -Dwebswing.appId=/swingset3, -Dwebswing.directdraw=true, -Dsun.awt.fontconfig=C:\Users\Alvin\Downloads\webswing-2.7\webswing-examples-2.7\tmp\release\fontconfig-swingset3_admin_9a959bfc9f4b_1573883465989.properties, -Dprism.order=web, -Dwebswing.transfer.dir=C:\Users\Alvin\Downloads\webswing-2.7\webswing-examples-2.7\apps\SwingSet3\admin\upload, -Dwebswing.theme=Murrine, -Djava.awt.graphicsenv=org.webswing.toolkit.ge.WebGraphicsEnvironment8, -Djava.awt.headless=false, -Dwebswing.jmsQueueId=swingset3_admin_9a959bfc9f4b_1573883465989, -Dwebswing.testMode=false, -Djavafx.live.resize=false, -cp, C:\Users\Alvin\Downloads\webswing-2.7\webswing-examples-2.7\webswing-server.war, main.Main]
2019-11-15 21:51:07,190 INFO  [Webswing Process Handler] (SwingProcessImpl.java:324) [swingset3_admin_9a959bfc9f4b_1573883465989] INFO: JPDFWriter library not found on classpath, fallback to FreeHEP PDF service.
2019-11-15 21:51:07,688 INFO  [Webswing Process Handler] (SwingProcessImpl.java:324) [swingset3_admin_9a959bfc9f4b_1573883465989] INFO: ClassModificationRegister: lock acquired.
2019-11-15 21:51:08,488 ERROR [Webswing Process Handler] (SwingProcessImpl.java:322) [swingset3_admin_9a959bfc9f4b_1573883465989] Nov 15, 2019 9:51:08 PM com.sun.swingset3.SwingSet3 createDemo
2019-11-15 21:51:08,488 ERROR [Webswing Process Handler] (SwingProcessImpl.java:322) [swingset3_admin_9a959bfc9f4b_1573883465989] WARNING: demo class not found:
2019-11-15 21:59:08,958 INFO  [qtp7289688-11] (GlobalUrlHandler.java:150) Loading master security module.({module=EMBEDED, config={users=[{username=admin, password=pwd, roles=[admin]}, {username=support, password=pwd, roles=[support]}, {username=user, password=pwd}]}, classPath=[]}).
2019-11-15 22:00:00,388 INFO  [Webswing Process Handler] (SwingProcessImpl.java:324) [swingset3_admin_9a959bfc9f4b_1573883465989] WARNING: Session inactive for 60 seconds.
2019-11-15 22:00:15,890 INFO  [qtp7289688-11] (DefaultConfigurationProvider.java:239) App configuration for path '/' changed.
2019-11-15 22:00:15,893 INFO  [qtp7289688-11] (DefaultConfigurationProvider.java:239) App configuration for path '/swingset3' changed.
2019-11-15 22:00:15,894 INFO  [qtp7289688-11] (DefaultConfigurationProvider.java:239) App configuration for path '/netbeans' changed.
2019-11-15 22:00:15,895 INFO  [qtp7289688-11] (DefaultConfigurationProvider.java:239) App configuration for path '/applet' changed.
2019-11-15 22:00:15,896 INFO  [qtp7289688-11] (DefaultConfigurationProvider.java:239) App configuration for path '/javafx' changed.
2019-11-15 22:00:15,896 INFO  [qtp7289688-11] (GlobalUrlHandler.java:180) Installing application /myapp
2019-11-15 22:00:15,960 INFO  [qtp7289688-11] (DefaultConfigurationProvider.java:239) App configuration for path '/myapp' changed.
2019-11-15 22:00:15,966 INFO  [qtp7289688-42] (GlobalUrlHandler.java:180) Installing application /a
2019-11-15 22:00:16,019 INFO  [qtp7289688-42] (DefaultConfigurationProvider.java:239) App configuration for path '/a' changed.
2019-11-15 22:00:16,024 INFO  [qtp7289688-171] (GlobalUrlHandler.java:180) Installing application /d
2019-11-15 22:00:16,072 INFO  [qtp7289688-171] (DefaultConfigurationProvider.java:239) App configuration for path '/d' changed.
2019-11-15 22:00:16,073 INFO  [qtp7289688-171] (GlobalUrlHandler.java:187) Removing application /a
2019-11-15 22:00:16,074 ERROR [qtp7289688-171] (DefaultConfigurationProvider.java:253) Deleted app configuration '/a'.
2019-11-15 22:00:16,076 INFO  [qtp7289688-163] (GlobalUrlHandler.java:187) Removing application /d
2019-11-15 22:00:16,077 ERROR [qtp7289688-163] (DefaultConfigurationProvider.java:253) Deleted app configuration '/d'.
2019-11-15 22:00:16,078 INFO  [Webswing Config Monitor] (GlobalUrlHandler.java:150) Loading master security module.({module=EMBEDED, config={users=[{username=admin, password=pwd, roles=[admin]}, {username=support, password=pwd, roles=[support]}, {username=user, password=pwd}]}, classPath=[]}).
2019-11-15 22:00:16,079 INFO  [Webswing Config Monitor] (DefaultConfigurationProvider.java:239) App configuration for path '/' changed.
2019-11-15 22:00:16,079 INFO  [Webswing Config Monitor] (DefaultConfigurationProvider.java:239) App configuration for path '/swingset3' changed.
2019-11-15 22:00:16,080 INFO  [Webswing Config Monitor] (DefaultConfigurationProvider.java:239) App configuration for path '/netbeans' changed.
2019-11-15 22:00:16,080 INFO  [Webswing Config Monitor] (DefaultConfigurationProvider.java:239) App configuration for path '/applet' changed.
2019-11-15 22:00:16,081 INFO  [Webswing Config Monitor] (DefaultConfigurationProvider.java:239) App configuration for path '/javafx' changed.
2019-11-15 22:00:16,081 INFO  [Webswing Config Monitor] (DefaultConfigurationProvider.java:239) App configuration for path '/myapp' changed.
2019-11-15 22:00:16,082 INFO  [qtp7289688-171] (GlobalUrlHandler.java:180) Installing application /d
2019-11-15 22:00:16,125 INFO  [qtp7289688-171] (DefaultConfigurationProvider.java:239) App configuration for path '/d' changed.
2019-11-15 22:00:16,130 INFO  [qtp7289688-42] (DefaultConfigurationProvider.java:239) App configuration for path '/d' changed.
2019-11-15 22:00:16,130 INFO  [qtp7289688-42] (GlobalUrlHandler.java:180) Installing application /a
2019-11-15 22:00:16,170 INFO  [qtp7289688-42] (DefaultConfigurationProvider.java:239) App configuration for path '/a' changed.
2019-11-15 22:00:16,175 INFO  [qtp7289688-11] (DefaultConfigurationProvider.java:239) App configuration for path '/myapp' changed.
2019-11-15 22:00:16,176 INFO  [qtp7289688-11] (DefaultConfigurationProvider.java:239) App configuration for path '/a' changed.
2019-11-15 22:00:16,176 INFO  [qtp7289688-11] (GlobalUrlHandler.java:187) Removing application /d
2019-11-15 22:00:16,177 ERROR [qtp7289688-11] (DefaultConfigurationProvider.java:253) Deleted app configuration '/d'.
2019-11-15 22:00:16,181 INFO  [qtp7289688-163] (GlobalUrlHandler.java:180) Installing application /d
2019-11-15 22:00:16,218 INFO  [qtp7289688-163] (DefaultConfigurationProvider.java:239) App configuration for path '/d' changed.
2019-11-15 22:00:16,218 INFO  [qtp7289688-163] (GlobalUrlHandler.java:187) Removing application /a
2019-11-15 22:00:16,219 ERROR [qtp7289688-163] (DefaultConfigurationProvider.java:253) Deleted app configuration '/a'.
2019-11-15 22:00:30,252 INFO  [qtp7289688-170] (GlobalUrlHandler.java:180) Installing application /test
2019-11-15 22:00:30,293 INFO  [qtp7289688-170] (DefaultConfigurationProvider.java:239) App configuration for path '/test' changed.
2019-11-15 22:00:30,298 INFO  [qtp7289688-170] (DefaultConfigurationProvider.java:239) App configuration for path '/test' changed.
2019-11-15 22:01:00,488 INFO  [Webswing Process Handler] (SwingProcessImpl.java:324) [swingset3_admin_9a959bfc9f4b_1573883465989] WARNING: Session inactive for 120 seconds.
2019-11-15 22:02:00,590 INFO  [Webswing Process Handler] (SwingProcessImpl.java:324) [swingset3_admin_9a959bfc9f4b_1573883465989] WARNING: Session inactive for 180 seconds.
2019-11-15 22:02:55,640 INFO  [qtp7289688-156] (DefaultConfigurationProvider.java:239) App configuration for path '/test' changed.
2019-11-15 22:03:00,688 INFO  [Webswing Process Handler] (SwingProcessImpl.java:324) [swingset3_admin_9a959bfc9f4b_1573883465989] WARNING: Session inactive for 240 seconds.
2019-11-15 22:03:10,227 ERROR [qtp7289688-12] (SwingInstanceManagerImpl.java:109) User authorization failed. This application is disabled.
2019-11-15 22:03:16,005 ERROR [qtp7289688-187] (SwingInstanceManagerImpl.java:109) User authorization failed. This application is disabled.
2019-11-15 22:04:00,790 INFO  [Webswing Process Handler] (SwingProcessImpl.java:324) [swingset3_admin_9a959bfc9f4b_1573883465989] WARNING: Session inactive for 300 seconds.
2019-11-15 22:03:59,372 INFO  [qtp7289688-186] (SwingProcessImpl.java:80) Starting application process [test_admin_9a959bfc9f4b_1573884239360] from [C:\Users\Alvin\Downloads\webswing-2.7\webswing-examples-2.7] :[C:\Program, Files, (x86)\Java\jre1.8.0_201\bin\java, -Xbootclasspath/a:C:/Users/Alvin/Downloads/webswing-2.7/webswing-examples-2.7/tmp/release/WEB-INF_swing-boot_webswing-api-2.7.jar;C:/Users/Alvin/Downloads/webswing-2.7/webswing-examples-2.7/tmp/release/WEB-INF_swing-boot_webswing-app-toolkit-java8-2.7.jar;C:/Users/Alvin/Downloads/webswing-2.7/webswing-examples-2.7/tmp/release/WEB-INF_swing-boot_webswing-app-toolkit-2.7.jar;C:/Users/Alvin/Downloads/webswing-2.7/webswing-examples-2.7/tmp/release/WEB-INF_swing-boot_java.desktop.modpatch-1.jar, -noverify, -Dwebswing.allowAutoDownload=true, -Dwebswing.initialUrl=http://localhost:8080/test/, -Dwebswing.sessionTimeoutIfInactive=false, -Dawt.toolkit=org.webswing.toolkit.WebToolkit8, -Dwebswing.tempDirPath=file:/C:/Users/Alvin/Downloads/webswing-2.7/webswing-examples-2.7/tmp/release/, -Dwebswing.printerJobDelegate=org.webswing.toolkit.WebPrinterJob, -Dwebswing.allowJsLink=true, -Dwebswing.transparentFileSave=true, -Dwebswing.allowUpload=true, -Dwebswing.directdraw.supported=true, -Dwebswing.sessionTimeoutSec=300, -Dwebswing.screenHeight=1287, -Dwebswing.isolatedFs=false, -Dwebswing.allowDownload=true, -Dwebswing.transparentFileOpen=true, -Dwebswing.jmsUrl=nio://127.0.0.1:34455, -Dwebswing.allowDelete=true, -Dwebswing.clientId=test_admin_9a959bfc9f4b_1573884239360, -Dwebswing.mainClass=program.Main, -Dwebswing.applicationHome=C:\Users\Alvin\Downloads\webswing-2.7\webswing-examples-2.7, -Dwebswing.compositingWindowManager=false, -Dwebswing.screenWidth=1278, -Djava.awt.printerjob=org.webswing.toolkit.WebPrinterJobWrapper, -Dwebswing.allowLocalClipboard=true, -Dwebswing.messagingApiTopicName=msgApiSharedTopic/test, -Dwebswing.classPath=myjar.jar, -Dwebswing.appId=/test, -Dwebswing.directdraw=true, -Dwebswing.transfer.dir=C:\Users\Alvin\Downloads\webswing-2.7\webswing-examples-2.7\admin\upload, -Dwebswing.theme=Murrine, -Djava.awt.graphicsenv=org.webswing.toolkit.ge.WebGraphicsEnvironment8, -Djava.awt.headless=false, -Dwebswing.jmsQueueId=test_admin_9a959bfc9f4b_1573884239360, -Dwebswing.testMode=false, -cp, C:\Users\Alvin\Downloads\webswing-2.7\webswing-examples-2.7\webswing-server.war, main.Main]
2019-11-15 22:03:23,698 ERROR [qtp7289688-11] (SwingInstanceManagerImpl.java:109) User authorization failed. This application is disabled.
2019-11-15 22:04:07,266 INFO  [Webswing Process Handler] (SwingProcessImpl.java:324) [swingset3_admin_9a959bfc9f4b_1573883465989] INFO: (Inactivity) Application Shutdown scheduled. (delayed by 9 seconds).
2019-11-15 22:04:07,289 ERROR [qtp7289688-11] (Jetty9WebSocketHandler.java:121) {}
org.eclipse.jetty.io.EofException: null
	at org.eclipse.jetty.io.ChannelEndPoint.flush(ChannelEndPoint.java:284) ~[WEB-INF_server-lib_jetty-io-9.4.18.v20190429.jar:9.4.18.v20190429]
	at org.eclipse.jetty.io.WriteFlusher.flush(WriteFlusher.java:393) ~[WEB-INF_server-lib_jetty-io-9.4.18.v20190429.jar:9.4.18.v20190429]
	at org.eclipse.jetty.io.WriteFlusher.write(WriteFlusher.java:277) [WEB-INF_server-lib_jetty-io-9.4.18.v20190429.jar:9.4.18.v20190429]
	at org.eclipse.jetty.io.AbstractEndPoint.write(AbstractEndPoint.java:380) [WEB-INF_server-lib_jetty-io-9.4.18.v20190429.jar:9.4.18.v20190429]
	at org.eclipse.jetty.websocket.common.io.FrameFlusher.flush(FrameFlusher.java:264) [WEB-INF_server-lib_websocket-common-9.4.18.v20190429.jar:9.4.18.v20190429]
	at org.eclipse.jetty.websocket.common.io.FrameFlusher.process(FrameFlusher.java:193) [WEB-INF_server-lib_websocket-common-9.4.18.v20190429.jar:9.4.18.v20190429]
	at org.eclipse.jetty.util.IteratingCallback.processing(IteratingCallback.java:241) [WEB-INF_server-lib_jetty-util-9.4.18.v20190429.jar:9.4.18.v20190429]
	at org.eclipse.jetty.util.IteratingCallback.iterate(IteratingCallback.java:224) [WEB-INF_server-lib_jetty-util-9.4.18.v20190429.jar:9.4.18.v20190429]
	at org.eclipse.jetty.websocket.common.io.AbstractWebSocketConnection.outgoingFrame(AbstractWebSocketConnection.java:509) [WEB-INF_server-lib_websocket-common-9.4.18.v20190429.jar:9.4.18.v20190429]
	at org.eclipse.jetty.websocket.common.io.AbstractWebSocketConnection.close(AbstractWebSocketConnection.java:184) [WEB-INF_server-lib_websocket-common-9.4.18.v20190429.jar:9.4.18.v20190429]
	at org.eclipse.jetty.websocket.common.io.AbstractWebSocketConnection.remoteClose(AbstractWebSocketConnection.java:279) [WEB-INF_server-lib_websocket-common-9.4.18.v20190429.jar:9.4.18.v20190429]
	at org.eclipse.jetty.websocket.common.events.AbstractEventDriver.incomingFrame(AbstractEventDriver.java:109) [WEB-INF_server-lib_websocket-common-9.4.18.v20190429.jar:9.4.18.v20190429]
	at org.eclipse.jetty.websocket.common.WebSocketSession.incomingFrame(WebSocketSession.java:319) [WEB-INF_server-lib_websocket-common-9.4.18.v20190429.jar:9.4.18.v20190429]
	at org.eclipse.jetty.websocket.common.extensions.AbstractExtension.nextIncomingFrame(AbstractExtension.java:147) [WEB-INF_server-lib_websocket-common-9.4.18.v20190429.jar:9.4.18.v20190429]
	at org.eclipse.jetty.websocket.common.extensions.compress.PerMessageDeflateExtension.nextIncomingFrame(PerMessageDeflateExtension.java:112) [WEB-INF_server-lib_websocket-common-9.4.18.v20190429.jar:9.4.18.v20190429]
	at org.eclipse.jetty.websocket.common.extensions.compress.PerMessageDeflateExtension.incomingFrame(PerMessageDeflateExtension.java:71) [WEB-INF_server-lib_websocket-common-9.4.18.v20190429.jar:9.4.18.v20190429]
	at org.eclipse.jetty.websocket.common.extensions.ExtensionStack.incomingFrame(ExtensionStack.java:201) [WEB-INF_server-lib_websocket-common-9.4.18.v20190429.jar:9.4.18.v20190429]
	at org.eclipse.jetty.websocket.common.Parser.notifyFrame(Parser.java:226) [WEB-INF_server-lib_websocket-common-9.4.18.v20190429.jar:9.4.18.v20190429]
	at org.eclipse.jetty.websocket.common.Parser.parse(Parser.java:255) [WEB-INF_server-lib_websocket-common-9.4.18.v20190429.jar:9.4.18.v20190429]
	at org.eclipse.jetty.websocket.common.io.AbstractWebSocketConnection.readParse(AbstractWebSocketConnection.java:581) [WEB-INF_server-lib_websocket-common-9.4.18.v20190429.jar:9.4.18.v20190429]
	at org.eclipse.jetty.websocket.common.io.AbstractWebSocketConnection.onFillable(AbstractWebSocketConnection.java:434) [WEB-INF_server-lib_websocket-common-9.4.18.v20190429.jar:9.4.18.v20190429]
	at org.eclipse.jetty.io.AbstractConnection$ReadCallback.succeeded(AbstractConnection.java:305) [WEB-INF_server-lib_jetty-io-9.4.18.v20190429.jar:9.4.18.v20190429]
	at org.eclipse.jetty.io.FillInterest.fillable(FillInterest.java:103) [WEB-INF_server-lib_jetty-io-9.4.18.v20190429.jar:9.4.18.v20190429]
	at org.eclipse.jetty.io.ChannelEndPoint$2.run(ChannelEndPoint.java:117) [WEB-INF_server-lib_jetty-io-9.4.18.v20190429.jar:9.4.18.v20190429]
	at org.eclipse.jetty.util.thread.strategy.EatWhatYouKill.runTask(EatWhatYouKill.java:333) [WEB-INF_server-lib_jetty-util-9.4.18.v20190429.jar:9.4.18.v20190429]
	at org.eclipse.jetty.util.thread.strategy.EatWhatYouKill.doProduce(EatWhatYouKill.java:310) [WEB-INF_server-lib_jetty-util-9.4.18.v20190429.jar:9.4.18.v20190429]
	at org.eclipse.jetty.util.thread.strategy.EatWhatYouKill.tryProduce(EatWhatYouKill.java:168) [WEB-INF_server-lib_jetty-util-9.4.18.v20190429.jar:9.4.18.v20190429]
	at org.eclipse.jetty.util.thread.strategy.EatWhatYouKill.run(EatWhatYouKill.java:126) [WEB-INF_server-lib_jetty-util-9.4.18.v20190429.jar:9.4.18.v20190429]
	at org.eclipse.jetty.util.thread.ReservedThreadExecutor$ReservedThread.run(ReservedThreadExecutor.java:366) [WEB-INF_server-lib_jetty-util-9.4.18.v20190429.jar:9.4.18.v20190429]
	at org.eclipse.jetty.util.thread.QueuedThreadPool.runJob(QueuedThreadPool.java:698) [WEB-INF_server-lib_jetty-util-9.4.18.v20190429.jar:9.4.18.v20190429]
	at org.eclipse.jetty.util.thread.QueuedThreadPool$Runner.run(QueuedThreadPool.java:804) [WEB-INF_server-lib_jetty-util-9.4.18.v20190429.jar:9.4.18.v20190429]
	at java.lang.Thread.run(Unknown Source) [?:1.8.0_201]
Caused by: java.io.IOException: An established connection was aborted by the software in your host machine
	at sun.nio.ch.SocketDispatcher.write0(Native Method) ~[?:1.8.0_201]
	at sun.nio.ch.SocketDispatcher.write(Unknown Source) ~[?:1.8.0_201]
	at sun.nio.ch.IOUtil.writeFromNativeBuffer(Unknown Source) ~[?:1.8.0_201]
	at sun.nio.ch.IOUtil.write(Unknown Source) ~[?:1.8.0_201]
	at sun.nio.ch.SocketChannelImpl.write(Unknown Source) ~[?:1.8.0_201]
	at org.eclipse.jetty.io.ChannelEndPoint.flush(ChannelEndPoint.java:262) ~[?:?]
	... 31 more
2019-11-15 22:04:08,378 INFO  [Webswing Process Handler] (SwingProcessImpl.java:324) [test_admin_9a959bfc9f4b_1573884239360] INFO: JPDFWriter library not found on classpath, fallback to FreeHEP PDF service.
2019-11-15 22:04:08,880 INFO  [Webswing Process Handler] (SwingProcessImpl.java:324) [test_admin_9a959bfc9f4b_1573884239360] INFO: ClassModificationRegister: lock acquired.
2019-11-15 22:04:08,880 INFO  [Webswing Process Handler] (SwingProcessImpl.java:324) [test_admin_9a959bfc9f4b_1573884239360] FATAL: SwingMain:main -> java.lang.ClassNotFoundException: program.Main
2019-11-15 22:04:08,883 INFO  [Webswing Process Handler] (SwingProcessImpl.java:324) [test_admin_9a959bfc9f4b_1573884239360] 	at org.webswing.classloader.SwingClassloader.loadClass(SwingClassloader.java:250)
2019-11-15 22:04:08,884 INFO  [Webswing Process Handler] (SwingProcessImpl.java:324) [test_admin_9a959bfc9f4b_1573884239360] 	at java.lang.ClassLoader.loadClass(Unknown Source)
2019-11-15 22:04:08,885 INFO  [Webswing Process Handler] (SwingProcessImpl.java:324) [test_admin_9a959bfc9f4b_1573884239360] 	at org.webswing.SwingMain.startSwingApp(SwingMain.java:57)
2019-11-15 22:04:08,886 INFO  [Webswing Process Handler] (SwingProcessImpl.java:324) [test_admin_9a959bfc9f4b_1573884239360] 	at org.webswing.SwingMain.main(SwingMain.java:46)
2019-11-15 22:04:08,887 INFO  [Webswing Process Handler] (SwingProcessImpl.java:324) [test_admin_9a959bfc9f4b_1573884239360] 	at sun.reflect.NativeMethodAccessorImpl.invoke0(Native Method)
2019-11-15 22:04:08,888 INFO  [Webswing Process Handler] (SwingProcessImpl.java:324) [test_admin_9a959bfc9f4b_1573884239360] 	at sun.reflect.NativeMethodAccessorImpl.invoke(Unknown Source)
2019-11-15 22:04:08,889 INFO  [Webswing Process Handler] (SwingProcessImpl.java:324) [test_admin_9a959bfc9f4b_1573884239360] 	at sun.reflect.DelegatingMethodAccessorImpl.invoke(Unknown Source)
2019-11-15 22:04:08,890 INFO  [Webswing Process Handler] (SwingProcessImpl.java:324) [test_admin_9a959bfc9f4b_1573884239360] 	at java.lang.reflect.Method.invoke(Unknown Source)
2019-11-15 22:04:08,895 INFO  [Webswing Process Handler] (SwingProcessImpl.java:324) [test_admin_9a959bfc9f4b_1573884239360] 	at main.Main.main(Main.java:80)
2019-11-15 22:04:08,896 INFO  [Webswing Process Handler] (SwingProcessImpl.java:324) [test_admin_9a959bfc9f4b_1573884239360]  | 
2019-11-15 22:04:08,897 INFO  [Webswing Process Handler] (SwingProcessImpl.java:158) [test_admin_9a959bfc9f4b_1573884239360] app process terminated. 
2019-11-15 22:04:09,788 INFO  [Webswing Process Handler] (SwingProcessImpl.java:324) [swingset3_admin_9a959bfc9f4b_1573883465989] WARNING: Application shutdown expected in 0 secongs
2019-11-15 22:04:10,788 INFO  [Webswing Process Handler] (SwingProcessImpl.java:324) [swingset3_admin_9a959bfc9f4b_1573883465989] WARNING: Exiting application due to inactivity for 300 seconds.
2019-11-15 22:04:10,794 INFO  [ActiveMQ Session Task-3] (SwingInstanceImpl.java:416) Transfer dir for session [swingset3_admin_9a959bfc9f4b_1573883465989] cleared. [C:\Users\Alvin\Downloads\webswing-2.7\webswing-examples-2.7\apps\SwingSet3\admin\upload]
2019-11-15 22:04:10,796 INFO  [ActiveMQ Session Task-3] (SwingProcessImpl.java:142) Waiting 30000ms for app process swingset3_admin_9a959bfc9f4b_1573883465989 to end.
2019-11-15 22:04:10,889 INFO  [Webswing Process Handler] (SwingProcessImpl.java:324) [swingset3_admin_9a959bfc9f4b_1573883465989] onShutdown():faking my death.
2019-11-15 22:04:25,888 INFO  [Webswing Process Handler] (SwingProcessImpl.java:324) [swingset3_admin_9a959bfc9f4b_1573883465989] WARNING: Application did not exit gracefully within 30 seconds. Application will be forcefully terminated. Thread dump has been generated.
2019-11-15 22:04:50,245 INFO  [qtp7289688-40] (DefaultConfigurationProvider.java:239) App configuration for path '/test' changed.
2019-11-15 22:04:53,482 INFO  [Webswing Process Handler] (SwingProcessImpl.java:158) [swingset3_admin_9a959bfc9f4b_1573883465989] app process terminated. 
2019-11-15 22:05:04,761 INFO  [qtp7289688-40] (SwingProcessImpl.java:80) Starting application process [test_admin_9a959bfc9f4b_1573884304748] from [C:\Users\Alvin\Downloads\webswing-2.7\webswing-examples-2.7] :[C:\Program, Files, (x86)\Java\jre1.8.0_201\bin\java, -Xbootclasspath/a:C:/Users/Alvin/Downloads/webswing-2.7/webswing-examples-2.7/tmp/release/WEB-INF_swing-boot_webswing-api-2.7.jar;C:/Users/Alvin/Downloads/webswing-2.7/webswing-examples-2.7/tmp/release/WEB-INF_swing-boot_webswing-app-toolkit-java8-2.7.jar;C:/Users/Alvin/Downloads/webswing-2.7/webswing-examples-2.7/tmp/release/WEB-INF_swing-boot_webswing-app-toolkit-2.7.jar;C:/Users/Alvin/Downloads/webswing-2.7/webswing-examples-2.7/tmp/release/WEB-INF_swing-boot_java.desktop.modpatch-1.jar, -noverify, -Dwebswing.allowAutoDownload=true, -Dwebswing.initialUrl=http://localhost:8080/test/, -Dwebswing.sessionTimeoutIfInactive=false, -Dawt.toolkit=org.webswing.toolkit.WebToolkit8, -Dwebswing.tempDirPath=file:/C:/Users/Alvin/Downloads/webswing-2.7/webswing-examples-2.7/tmp/release/, -Dwebswing.printerJobDelegate=org.webswing.toolkit.WebPrinterJob, -Dwebswing.allowJsLink=true, -Dwebswing.transparentFileSave=true, -Dwebswing.allowUpload=true, -Dwebswing.directdraw.supported=true, -Dwebswing.sessionTimeoutSec=300, -Dwebswing.screenHeight=1287, -Dwebswing.isolatedFs=false, -Dwebswing.allowDownload=true, -Dwebswing.transparentFileOpen=true, -Dwebswing.jmsUrl=nio://127.0.0.1:34455, -Dwebswing.allowDelete=true, -Dwebswing.clientId=test_admin_9a959bfc9f4b_1573884304748, -Dwebswing.mainClass=Main, -Dwebswing.applicationHome=C:\Users\Alvin\Downloads\webswing-2.7\webswing-examples-2.7, -Dwebswing.compositingWindowManager=false, -Dwebswing.screenWidth=1278, -Djava.awt.printerjob=org.webswing.toolkit.WebPrinterJobWrapper, -Dwebswing.allowLocalClipboard=true, -Dwebswing.messagingApiTopicName=msgApiSharedTopic/test, -Dwebswing.classPath=myjar.jar, -Dwebswing.appId=/test, -Dwebswing.directdraw=true, -Dwebswing.transfer.dir=C:\Users\Alvin\Downloads\webswing-2.7\webswing-examples-2.7\admin\upload, -Dwebswing.theme=Murrine, -Djava.awt.graphicsenv=org.webswing.toolkit.ge.WebGraphicsEnvironment8, -Djava.awt.headless=false, -Dwebswing.jmsQueueId=test_admin_9a959bfc9f4b_1573884304748, -Dwebswing.testMode=false, -cp, C:\Users\Alvin\Downloads\webswing-2.7\webswing-examples-2.7\webswing-server.war, main.Main]
2019-11-15 22:05:05,071 INFO  [Webswing Process Handler] (SwingProcessImpl.java:324) [test_admin_9a959bfc9f4b_1573884304748] INFO: JPDFWriter library not found on classpath, fallback to FreeHEP PDF service.
2019-11-15 22:05:05,571 INFO  [Webswing Process Handler] (SwingProcessImpl.java:324) [test_admin_9a959bfc9f4b_1573884304748] INFO: ClassModificationRegister: lock acquired.
2019-11-15 22:05:05,571 INFO  [Webswing Process Handler] (SwingProcessImpl.java:324) [test_admin_9a959bfc9f4b_1573884304748] FATAL: SwingMain:main -> java.lang.ClassNotFoundException: Main
2019-11-15 22:05:05,573 INFO  [Webswing Process Handler] (SwingProcessImpl.java:324) [test_admin_9a959bfc9f4b_1573884304748] 	at org.webswing.classloader.SwingClassloader.loadClass(SwingClassloader.java:250)
2019-11-15 22:05:05,574 INFO  [Webswing Process Handler] (SwingProcessImpl.java:324) [test_admin_9a959bfc9f4b_1573884304748] 	at java.lang.ClassLoader.loadClass(Unknown Source)
2019-11-15 22:05:05,574 INFO  [Webswing Process Handler] (SwingProcessImpl.java:324) [test_admin_9a959bfc9f4b_1573884304748] 	at org.webswing.SwingMain.startSwingApp(SwingMain.java:57)
2019-11-15 22:05:05,575 INFO  [Webswing Process Handler] (SwingProcessImpl.java:324) [test_admin_9a959bfc9f4b_1573884304748] 	at org.webswing.SwingMain.main(SwingMain.java:46)
2019-11-15 22:05:05,575 INFO  [Webswing Process Handler] (SwingProcessImpl.java:324) [test_admin_9a959bfc9f4b_1573884304748] 	at sun.reflect.NativeMethodAccessorImpl.invoke0(Native Method)
2019-11-15 22:05:05,575 INFO  [Webswing Process Handler] (SwingProcessImpl.java:324) [test_admin_9a959bfc9f4b_1573884304748] 	at sun.reflect.NativeMethodAccessorImpl.invoke(Unknown Source)
2019-11-15 22:05:05,576 INFO  [Webswing Process Handler] (SwingProcessImpl.java:324) [test_admin_9a959bfc9f4b_1573884304748] 	at sun.reflect.DelegatingMethodAccessorImpl.invoke(Unknown Source)
2019-11-15 22:05:05,576 INFO  [Webswing Process Handler] (SwingProcessImpl.java:324) [test_admin_9a959bfc9f4b_1573884304748] 	at java.lang.reflect.Method.invoke(Unknown Source)
2019-11-15 22:05:05,576 INFO  [Webswing Process Handler] (SwingProcessImpl.java:324) [test_admin_9a959bfc9f4b_1573884304748] 	at main.Main.main(Main.java:80)
2019-11-15 22:05:05,576 INFO  [Webswing Process Handler] (SwingProcessImpl.java:324) [test_admin_9a959bfc9f4b_1573884304748]  | 
2019-11-15 22:05:05,577 INFO  [Webswing Process Handler] (SwingProcessImpl.java:158) [test_admin_9a959bfc9f4b_1573884304748] app process terminated. 
2019-11-15 22:05:47,139 INFO  [qtp7289688-40] (DefaultConfigurationProvider.java:239) App configuration for path '/test' changed.
2019-11-15 22:05:54,345 INFO  [qtp7289688-183] (SwingProcessImpl.java:80) Starting application process [test_admin_9a959bfc9f4b_1573884354329] from [C:\Users\Alvin\Downloads\webswing-2.7\webswing-examples-2.7] :[C:\Program, Files, (x86)\Java\jre1.8.0_201\bin\java, -Xbootclasspath/a:C:/Users/Alvin/Downloads/webswing-2.7/webswing-examples-2.7/tmp/release/WEB-INF_swing-boot_webswing-api-2.7.jar;C:/Users/Alvin/Downloads/webswing-2.7/webswing-examples-2.7/tmp/release/WEB-INF_swing-boot_webswing-app-toolkit-java8-2.7.jar;C:/Users/Alvin/Downloads/webswing-2.7/webswing-examples-2.7/tmp/release/WEB-INF_swing-boot_webswing-app-toolkit-2.7.jar;C:/Users/Alvin/Downloads/webswing-2.7/webswing-examples-2.7/tmp/release/WEB-INF_swing-boot_java.desktop.modpatch-1.jar, -noverify, -Dwebswing.allowAutoDownload=true, -Dwebswing.initialUrl=http://localhost:8080/test/, -Dwebswing.sessionTimeoutIfInactive=false, -Dawt.toolkit=org.webswing.toolkit.WebToolkit8, -Dwebswing.tempDirPath=file:/C:/Users/Alvin/Downloads/webswing-2.7/webswing-examples-2.7/tmp/release/, -Dwebswing.printerJobDelegate=org.webswing.toolkit.WebPrinterJob, -Dwebswing.allowJsLink=true, -Dwebswing.transparentFileSave=true, -Dwebswing.allowUpload=true, -Dwebswing.directdraw.supported=true, -Dwebswing.sessionTimeoutSec=300, -Dwebswing.screenHeight=1287, -Dwebswing.isolatedFs=false, -Dwebswing.allowDownload=true, -Dwebswing.transparentFileOpen=true, -Dwebswing.jmsUrl=nio://127.0.0.1:34455, -Dwebswing.allowDelete=true, -Dwebswing.clientId=test_admin_9a959bfc9f4b_1573884354329, -Dwebswing.mainClass=main.Main, -Dwebswing.applicationHome=C:\Users\Alvin\Downloads\webswing-2.7\webswing-examples-2.7, -Dwebswing.compositingWindowManager=false, -Dwebswing.screenWidth=1278, -Djava.awt.printerjob=org.webswing.toolkit.WebPrinterJobWrapper, -Dwebswing.allowLocalClipboard=true, -Dwebswing.messagingApiTopicName=msgApiSharedTopic/test, -Dwebswing.classPath=myjar.jar, -Dwebswing.appId=/test, -Dwebswing.directdraw=true, -Dwebswing.transfer.dir=C:\Users\Alvin\Downloads\webswing-2.7\webswing-examples-2.7\admin\upload, -Dwebswing.theme=Murrine, -Djava.awt.graphicsenv=org.webswing.toolkit.ge.WebGraphicsEnvironment8, -Djava.awt.headless=false, -Dwebswing.jmsQueueId=test_admin_9a959bfc9f4b_1573884354329, -Dwebswing.testMode=false, -cp, C:\Users\Alvin\Downloads\webswing-2.7\webswing-examples-2.7\webswing-server.war, main.Main]
2019-11-15 22:05:57,203 INFO  [Webswing Process Handler] (SwingProcessImpl.java:324) [test_admin_9a959bfc9f4b_1573884354329] INFO: JPDFWriter library not found on classpath, fallback to FreeHEP PDF service.
2019-11-15 22:05:57,603 INFO  [Webswing Process Handler] (SwingProcessImpl.java:324) [test_admin_9a959bfc9f4b_1573884354329] INFO: ClassModificationRegister: lock acquired.
2019-11-15 22:05:57,702 INFO  [Webswing Process Handler] (SwingProcessImpl.java:324) [test_admin_9a959bfc9f4b_1573884354329] INFO: JPDFWriter library not found on classpath, fallback to FreeHEP PDF service.
2019-11-15 22:05:57,901 INFO  [Webswing Process Handler] (SwingProcessImpl.java:324) [test_admin_9a959bfc9f4b_1573884354329] FATAL: SwingMain:main -> java.nio.channels.OverlappingFileLockException
2019-11-15 22:05:57,901 INFO  [Webswing Process Handler] (SwingProcessImpl.java:324) [test_admin_9a959bfc9f4b_1573884354329] 	at sun.nio.ch.SharedFileLockTable.checkList(Unknown Source)
2019-11-15 22:05:57,904 INFO  [Webswing Process Handler] (SwingProcessImpl.java:324) [test_admin_9a959bfc9f4b_1573884354329] 	at sun.nio.ch.SharedFileLockTable.add(Unknown Source)
2019-11-15 22:05:57,905 INFO  [Webswing Process Handler] (SwingProcessImpl.java:324) [test_admin_9a959bfc9f4b_1573884354329] 	at sun.nio.ch.FileChannelImpl.tryLock(Unknown Source)
2019-11-15 22:05:57,906 INFO  [Webswing Process Handler] (SwingProcessImpl.java:324) [test_admin_9a959bfc9f4b_1573884354329] 	at java.nio.channels.FileChannel.tryLock(Unknown Source)
2019-11-15 22:05:57,907 INFO  [Webswing Process Handler] (SwingProcessImpl.java:324) [test_admin_9a959bfc9f4b_1573884354329] 	at org.webswing.classloader.ClassModificationRegister.acquireLock(ClassModificationRegister.java:39)
2019-11-15 22:05:57,907 INFO  [Webswing Process Handler] (SwingProcessImpl.java:324) [test_admin_9a959bfc9f4b_1573884354329] 	at org.webswing.classloader.ClassModificationRegister.<init>(ClassModificationRegister.java:25)
2019-11-15 22:05:57,908 INFO  [Webswing Process Handler] (SwingProcessImpl.java:324) [test_admin_9a959bfc9f4b_1573884354329] 	at org.webswing.classloader.SwingClassloader.<init>(SwingClassloader.java:166)
2019-11-15 22:05:57,909 INFO  [Webswing Process Handler] (SwingProcessImpl.java:324) [test_admin_9a959bfc9f4b_1573884354329] 	at org.webswing.classloader.SwingClassLoaderFactory.createSwingClassLoader(SwingClassLoaderFactory.java:22)
2019-11-15 22:05:57,910 INFO  [Webswing Process Handler] (SwingProcessImpl.java:324) [test_admin_9a959bfc9f4b_1573884354329] 	at org.webswing.SwingMain.main(SwingMain.java:40)
2019-11-15 22:05:57,910 INFO  [Webswing Process Handler] (SwingProcessImpl.java:324) [test_admin_9a959bfc9f4b_1573884354329] 	at sun.reflect.NativeMethodAccessorImpl.invoke0(Native Method)
2019-11-15 22:05:57,911 INFO  [Webswing Process Handler] (SwingProcessImpl.java:324) [test_admin_9a959bfc9f4b_1573884354329] 	at sun.reflect.NativeMethodAccessorImpl.invoke(Unknown Source)
2019-11-15 22:05:57,912 INFO  [Webswing Process Handler] (SwingProcessImpl.java:324) [test_admin_9a959bfc9f4b_1573884354329] 	at sun.reflect.DelegatingMethodAccessorImpl.invoke(Unknown Source)
2019-11-15 22:05:57,913 INFO  [Webswing Process Handler] (SwingProcessImpl.java:324) [test_admin_9a959bfc9f4b_1573884354329] 	at java.lang.reflect.Method.invoke(Unknown Source)
2019-11-15 22:05:57,916 INFO  [Webswing Process Handler] (SwingProcessImpl.java:324) [test_admin_9a959bfc9f4b_1573884354329] 	at main.Main.main(Main.java:80)
2019-11-15 22:05:57,916 INFO  [Webswing Process Handler] (SwingProcessImpl.java:324) [test_admin_9a959bfc9f4b_1573884354329] 	at sun.reflect.NativeMethodAccessorImpl.invoke0(Native Method)
2019-11-15 22:05:57,917 INFO  [Webswing Process Handler] (SwingProcessImpl.java:324) [test_admin_9a959bfc9f4b_1573884354329] 	at sun.reflect.NativeMethodAccessorImpl.invoke(Unknown Source)
2019-11-15 22:05:57,917 INFO  [Webswing Process Handler] (SwingProcessImpl.java:324) [test_admin_9a959bfc9f4b_1573884354329] 	at sun.reflect.DelegatingMethodAccessorImpl.invoke(Unknown Source)
2019-11-15 22:05:57,917 INFO  [Webswing Process Handler] (SwingProcessImpl.java:324) [test_admin_9a959bfc9f4b_1573884354329] 	at java.lang.reflect.Method.invoke(Unknown Source)
2019-11-15 22:05:57,918 INFO  [Webswing Process Handler] (SwingProcessImpl.java:324) [test_admin_9a959bfc9f4b_1573884354329] 	at org.webswing.SwingMain.startSwingApp(SwingMain.java:63)
2019-11-15 22:05:57,918 INFO  [Webswing Process Handler] (SwingProcessImpl.java:324) [test_admin_9a959bfc9f4b_1573884354329] 	at org.webswing.SwingMain.main(SwingMain.java:46)
2019-11-15 22:05:57,918 INFO  [Webswing Process Handler] (SwingProcessImpl.java:324) [test_admin_9a959bfc9f4b_1573884354329] 	at sun.reflect.NativeMethodAccessorImpl.invoke0(Native Method)
2019-11-15 22:05:57,919 INFO  [Webswing Process Handler] (SwingProcessImpl.java:324) [test_admin_9a959bfc9f4b_1573884354329] 	at sun.reflect.NativeMethodAccessorImpl.invoke(Unknown Source)
2019-11-15 22:05:57,919 INFO  [Webswing Process Handler] (SwingProcessImpl.java:324) [test_admin_9a959bfc9f4b_1573884354329] 	at sun.reflect.DelegatingMethodAccessorImpl.invoke(Unknown Source)
2019-11-15 22:05:57,919 INFO  [Webswing Process Handler] (SwingProcessImpl.java:324) [test_admin_9a959bfc9f4b_1573884354329] 	at java.lang.reflect.Method.invoke(Unknown Source)
2019-11-15 22:05:57,920 INFO  [Webswing Process Handler] (SwingProcessImpl.java:324) [test_admin_9a959bfc9f4b_1573884354329] 	at main.Main.main(Main.java:80)
2019-11-15 22:05:57,920 INFO  [Webswing Process Handler] (SwingProcessImpl.java:324) [test_admin_9a959bfc9f4b_1573884354329]  | 
2019-11-15 22:05:57,920 INFO  [Webswing Process Handler] (SwingProcessImpl.java:158) [test_admin_9a959bfc9f4b_1573884354329] app process terminated. 
2019-11-15 22:06:20,431 INFO  [qtp7289688-182] (SwingProcessImpl.java:80) Starting application process [test_admin_9a959bfc9f4b_1573884380423] from [C:\Users\Alvin\Downloads\webswing-2.7\webswing-examples-2.7] :[C:\Program, Files, (x86)\Java\jre1.8.0_201\bin\java, -Xbootclasspath/a:C:/Users/Alvin/Downloads/webswing-2.7/webswing-examples-2.7/tmp/release/WEB-INF_swing-boot_webswing-api-2.7.jar;C:/Users/Alvin/Downloads/webswing-2.7/webswing-examples-2.7/tmp/release/WEB-INF_swing-boot_webswing-app-toolkit-java8-2.7.jar;C:/Users/Alvin/Downloads/webswing-2.7/webswing-examples-2.7/tmp/release/WEB-INF_swing-boot_webswing-app-toolkit-2.7.jar;C:/Users/Alvin/Downloads/webswing-2.7/webswing-examples-2.7/tmp/release/WEB-INF_swing-boot_java.desktop.modpatch-1.jar, -noverify, -Dwebswing.allowAutoDownload=true, -Dwebswing.initialUrl=http://localhost:8080/test/, -Dwebswing.sessionTimeoutIfInactive=false, -Dawt.toolkit=org.webswing.toolkit.WebToolkit8, -Dwebswing.tempDirPath=file:/C:/Users/Alvin/Downloads/webswing-2.7/webswing-examples-2.7/tmp/release/, -Dwebswing.printerJobDelegate=org.webswing.toolkit.WebPrinterJob, -Dwebswing.allowJsLink=true, -Dwebswing.transparentFileSave=true, -Dwebswing.allowUpload=true, -Dwebswing.directdraw.supported=true, -Dwebswing.sessionTimeoutSec=300, -Dwebswing.screenHeight=1287, -Dwebswing.isolatedFs=false, -Dwebswing.allowDownload=true, -Dwebswing.transparentFileOpen=true, -Dwebswing.jmsUrl=nio://127.0.0.1:34455, -Dwebswing.allowDelete=true, -Dwebswing.clientId=test_admin_9a959bfc9f4b_1573884380423, -Dwebswing.mainClass=main.Main, -Dwebswing.applicationHome=C:\Users\Alvin\Downloads\webswing-2.7\webswing-examples-2.7, -Dwebswing.compositingWindowManager=false, -Dwebswing.screenWidth=1278, -Djava.awt.printerjob=org.webswing.toolkit.WebPrinterJobWrapper, -Dwebswing.allowLocalClipboard=true, -Dwebswing.messagingApiTopicName=msgApiSharedTopic/test, -Dwebswing.classPath=myjar.jar, -Dwebswing.appId=/test, -Dwebswing.directdraw=true, -Dwebswing.transfer.dir=C:\Users\Alvin\Downloads\webswing-2.7\webswing-examples-2.7\admin\upload, -Dwebswing.theme=Murrine, -Djava.awt.graphicsenv=org.webswing.toolkit.ge.WebGraphicsEnvironment8, -Djava.awt.headless=false, -Dwebswing.jmsQueueId=test_admin_9a959bfc9f4b_1573884380423, -Dwebswing.testMode=false, -cp, C:\Users\Alvin\Downloads\webswing-2.7\webswing-examples-2.7\webswing-server.war, main.Main]
2019-11-15 22:06:22,745 INFO  [Webswing Process Handler] (SwingProcessImpl.java:324) [test_admin_9a959bfc9f4b_1573884380423] INFO: JPDFWriter library not found on classpath, fallback to FreeHEP PDF service.
2019-11-15 22:06:23,143 INFO  [Webswing Process Handler] (SwingProcessImpl.java:324) [test_admin_9a959bfc9f4b_1573884380423] INFO: ClassModificationRegister: lock acquired.
2019-11-15 22:06:23,245 INFO  [Webswing Process Handler] (SwingProcessImpl.java:324) [test_admin_9a959bfc9f4b_1573884380423] INFO: JPDFWriter library not found on classpath, fallback to FreeHEP PDF service.
2019-11-15 22:06:23,444 INFO  [Webswing Process Handler] (SwingProcessImpl.java:324) [test_admin_9a959bfc9f4b_1573884380423] FATAL: SwingMain:main -> java.nio.channels.OverlappingFileLockException
2019-11-15 22:06:23,444 INFO  [Webswing Process Handler] (SwingProcessImpl.java:324) [test_admin_9a959bfc9f4b_1573884380423] 	at sun.nio.ch.SharedFileLockTable.checkList(Unknown Source)
2019-11-15 22:06:23,447 INFO  [Webswing Process Handler] (SwingProcessImpl.java:324) [test_admin_9a959bfc9f4b_1573884380423] 	at sun.nio.ch.SharedFileLockTable.add(Unknown Source)
2019-11-15 22:06:23,448 INFO  [Webswing Process Handler] (SwingProcessImpl.java:324) [test_admin_9a959bfc9f4b_1573884380423] 	at sun.nio.ch.FileChannelImpl.tryLock(Unknown Source)
2019-11-15 22:06:23,448 INFO  [Webswing Process Handler] (SwingProcessImpl.java:324) [test_admin_9a959bfc9f4b_1573884380423] 	at java.nio.channels.FileChannel.tryLock(Unknown Source)
2019-11-15 22:06:23,449 INFO  [Webswing Process Handler] (SwingProcessImpl.java:324) [test_admin_9a959bfc9f4b_1573884380423] 	at org.webswing.classloader.ClassModificationRegister.acquireLock(ClassModificationRegister.java:39)
2019-11-15 22:06:23,450 INFO  [Webswing Process Handler] (SwingProcessImpl.java:324) [test_admin_9a959bfc9f4b_1573884380423] 	at org.webswing.classloader.ClassModificationRegister.<init>(ClassModificationRegister.java:25)
2019-11-15 22:06:23,451 INFO  [Webswing Process Handler] (SwingProcessImpl.java:324) [test_admin_9a959bfc9f4b_1573884380423] 	at org.webswing.classloader.SwingClassloader.<init>(SwingClassloader.java:166)
2019-11-15 22:06:23,452 INFO  [Webswing Process Handler] (SwingProcessImpl.java:324) [test_admin_9a959bfc9f4b_1573884380423] 	at org.webswing.classloader.SwingClassLoaderFactory.createSwingClassLoader(SwingClassLoaderFactory.java:22)
2019-11-15 22:06:23,453 INFO  [Webswing Process Handler] (SwingProcessImpl.java:324) [test_admin_9a959bfc9f4b_1573884380423] 	at org.webswing.SwingMain.main(SwingMain.java:40)
2019-11-15 22:06:23,453 INFO  [Webswing Process Handler] (SwingProcessImpl.java:324) [test_admin_9a959bfc9f4b_1573884380423] 	at sun.reflect.NativeMethodAccessorImpl.invoke0(Native Method)
2019-11-15 22:06:23,454 INFO  [Webswing Process Handler] (SwingProcessImpl.java:324) [test_admin_9a959bfc9f4b_1573884380423] 	at sun.reflect.NativeMethodAccessorImpl.invoke(Unknown Source)
2019-11-15 22:06:23,455 INFO  [Webswing Process Handler] (SwingProcessImpl.java:324) [test_admin_9a959bfc9f4b_1573884380423] 	at sun.reflect.DelegatingMethodAccessorImpl.invoke(Unknown Source)
2019-11-15 22:06:23,459 INFO  [Webswing Process Handler] (SwingProcessImpl.java:324) [test_admin_9a959bfc9f4b_1573884380423] 	at java.lang.reflect.Method.invoke(Unknown Source)
2019-11-15 22:06:23,460 INFO  [Webswing Process Handler] (SwingProcessImpl.java:324) [test_admin_9a959bfc9f4b_1573884380423] 	at main.Main.main(Main.java:80)
2019-11-15 22:06:23,461 INFO  [Webswing Process Handler] (SwingProcessImpl.java:324) [test_admin_9a959bfc9f4b_1573884380423] 	at sun.reflect.NativeMethodAccessorImpl.invoke0(Native Method)
2019-11-15 22:06:23,462 INFO  [Webswing Process Handler] (SwingProcessImpl.java:324) [test_admin_9a959bfc9f4b_1573884380423] 	at sun.reflect.NativeMethodAccessorImpl.invoke(Unknown Source)
2019-11-15 22:06:23,462 INFO  [Webswing Process Handler] (SwingProcessImpl.java:324) [test_admin_9a959bfc9f4b_1573884380423] 	at sun.reflect.DelegatingMethodAccessorImpl.invoke(Unknown Source)
2019-11-15 22:06:23,463 INFO  [Webswing Process Handler] (SwingProcessImpl.java:324) [test_admin_9a959bfc9f4b_1573884380423] 	at java.lang.reflect.Method.invoke(Unknown Source)
2019-11-15 22:06:23,464 INFO  [Webswing Process Handler] (SwingProcessImpl.java:324) [test_admin_9a959bfc9f4b_1573884380423] 	at org.webswing.SwingMain.startSwingApp(SwingMain.java:63)
2019-11-15 22:06:23,465 INFO  [Webswing Process Handler] (SwingProcessImpl.java:324) [test_admin_9a959bfc9f4b_1573884380423] 	at org.webswing.SwingMain.main(SwingMain.java:46)
2019-11-15 22:06:23,466 INFO  [Webswing Process Handler] (SwingProcessImpl.java:324) [test_admin_9a959bfc9f4b_1573884380423] 	at sun.reflect.NativeMethodAccessorImpl.invoke0(Native Method)
2019-11-15 22:06:23,467 INFO  [Webswing Process Handler] (SwingProcessImpl.java:324) [test_admin_9a959bfc9f4b_1573884380423] 	at sun.reflect.NativeMethodAccessorImpl.invoke(Unknown Source)
2019-11-15 22:06:23,470 INFO  [Webswing Process Handler] (SwingProcessImpl.java:324) [test_admin_9a959bfc9f4b_1573884380423] 	at sun.reflect.DelegatingMethodAccessorImpl.invoke(Unknown Source)
2019-11-15 22:06:23,471 INFO  [Webswing Process Handler] (SwingProcessImpl.java:324) [test_admin_9a959bfc9f4b_1573884380423] 	at java.lang.reflect.Method.invoke(Unknown Source)
2019-11-15 22:06:23,472 INFO  [Webswing Process Handler] (SwingProcessImpl.java:324) [test_admin_9a959bfc9f4b_1573884380423] 	at main.Main.main(Main.java:80)
2019-11-15 22:06:23,472 INFO  [Webswing Process Handler] (SwingProcessImpl.java:324) [test_admin_9a959bfc9f4b_1573884380423]  | 
2019-11-15 22:06:23,473 INFO  [Webswing Process Handler] (SwingProcessImpl.java:158) [test_admin_9a959bfc9f4b_1573884380423] app process terminated. 
2019-11-15 22:07:04,187 INFO  [qtp7289688-187] (DefaultConfigurationProvider.java:239) App configuration for path '/test' changed.
2019-11-15 22:07:07,522 INFO  [qtp7289688-180] (SwingProcessImpl.java:80) Starting application process [test_admin_9a959bfc9f4b_1573884427512] from [C:\Users\Alvin\Downloads\webswing-2.7\webswing-examples-2.7] :[C:\Program, Files, (x86)\Java\jre1.8.0_201\bin\java, -Xbootclasspath/a:C:/Users/Alvin/Downloads/webswing-2.7/webswing-examples-2.7/tmp/release/WEB-INF_swing-boot_webswing-api-2.7.jar;C:/Users/Alvin/Downloads/webswing-2.7/webswing-examples-2.7/tmp/release/WEB-INF_swing-boot_webswing-app-toolkit-java8-2.7.jar;C:/Users/Alvin/Downloads/webswing-2.7/webswing-examples-2.7/tmp/release/WEB-INF_swing-boot_webswing-app-toolkit-2.7.jar;C:/Users/Alvin/Downloads/webswing-2.7/webswing-examples-2.7/tmp/release/WEB-INF_swing-boot_java.desktop.modpatch-1.jar, -noverify, -Dwebswing.allowAutoDownload=true, -Dwebswing.initialUrl=http://localhost:8080/test/, -Dwebswing.sessionTimeoutIfInactive=false, -Dawt.toolkit=org.webswing.toolkit.WebToolkit8, -Dwebswing.tempDirPath=file:/C:/Users/Alvin/Downloads/webswing-2.7/webswing-examples-2.7/tmp/release/, -Dwebswing.printerJobDelegate=org.webswing.toolkit.WebPrinterJob, -Dwebswing.allowJsLink=true, -Dwebswing.transparentFileSave=true, -Dwebswing.allowUpload=true, -Dwebswing.directdraw.supported=true, -Dwebswing.sessionTimeoutSec=300, -Dwebswing.screenHeight=1287, -Dwebswing.isolatedFs=false, -Dwebswing.allowDownload=true, -Dwebswing.transparentFileOpen=true, -Dwebswing.jmsUrl=nio://127.0.0.1:34455, -Dwebswing.allowDelete=true, -Dwebswing.clientId=test_admin_9a959bfc9f4b_1573884427512, -Dwebswing.mainClass=program.Main, -Dwebswing.applicationHome=C:\Users\Alvin\Downloads\webswing-2.7\webswing-examples-2.7, -Dwebswing.compositingWindowManager=false, -Dwebswing.screenWidth=1278, -Djava.awt.printerjob=org.webswing.toolkit.WebPrinterJobWrapper, -Dwebswing.allowLocalClipboard=true, -Dwebswing.messagingApiTopicName=msgApiSharedTopic/test, -Dwebswing.classPath=myjar.jar, -Dwebswing.appId=/test, -Dwebswing.directdraw=true, -Dwebswing.transfer.dir=C:\Users\Alvin\Downloads\webswing-2.7\webswing-examples-2.7\admin\upload, -Dwebswing.theme=Murrine, -Djava.awt.graphicsenv=org.webswing.toolkit.ge.WebGraphicsEnvironment8, -Djava.awt.headless=false, -Dwebswing.jmsQueueId=test_admin_9a959bfc9f4b_1573884427512, -Dwebswing.testMode=false, -cp, C:\Users\Alvin\Downloads\webswing-2.7\webswing-examples-2.7\webswing-server.war, main.Main]
2019-11-15 22:07:07,834 INFO  [Webswing Process Handler] (SwingProcessImpl.java:324) [test_admin_9a959bfc9f4b_1573884427512] INFO: JPDFWriter library not found on classpath, fallback to FreeHEP PDF service.
2019-11-15 22:07:08,233 INFO  [Webswing Process Handler] (SwingProcessImpl.java:324) [test_admin_9a959bfc9f4b_1573884427512] INFO: ClassModificationRegister: lock acquired.
2019-11-15 22:07:08,233 INFO  [Webswing Process Handler] (SwingProcessImpl.java:324) [test_admin_9a959bfc9f4b_1573884427512] FATAL: SwingMain:main -> java.lang.ClassNotFoundException: program.Main
2019-11-15 22:07:08,234 INFO  [Webswing Process Handler] (SwingProcessImpl.java:324) [test_admin_9a959bfc9f4b_1573884427512] 	at org.webswing.classloader.SwingClassloader.loadClass(SwingClassloader.java:250)
2019-11-15 22:07:08,234 INFO  [Webswing Process Handler] (SwingProcessImpl.java:324) [test_admin_9a959bfc9f4b_1573884427512] 	at java.lang.ClassLoader.loadClass(Unknown Source)
2019-11-15 22:07:08,234 INFO  [Webswing Process Handler] (SwingProcessImpl.java:324) [test_admin_9a959bfc9f4b_1573884427512] 	at org.webswing.SwingMain.startSwingApp(SwingMain.java:57)
2019-11-15 22:07:08,235 INFO  [Webswing Process Handler] (SwingProcessImpl.java:324) [test_admin_9a959bfc9f4b_1573884427512] 	at org.webswing.SwingMain.main(SwingMain.java:46)
2019-11-15 22:07:08,235 INFO  [Webswing Process Handler] (SwingProcessImpl.java:324) [test_admin_9a959bfc9f4b_1573884427512] 	at sun.reflect.NativeMethodAccessorImpl.invoke0(Native Method)
2019-11-15 22:07:08,236 INFO  [Webswing Process Handler] (SwingProcessImpl.java:324) [test_admin_9a959bfc9f4b_1573884427512] 	at sun.reflect.NativeMethodAccessorImpl.invoke(Unknown Source)
2019-11-15 22:07:08,236 INFO  [Webswing Process Handler] (SwingProcessImpl.java:324) [test_admin_9a959bfc9f4b_1573884427512] 	at sun.reflect.DelegatingMethodAccessorImpl.invoke(Unknown Source)
2019-11-15 22:07:08,236 INFO  [Webswing Process Handler] (SwingProcessImpl.java:324) [test_admin_9a959bfc9f4b_1573884427512] 	at java.lang.reflect.Method.invoke(Unknown Source)
2019-11-15 22:07:08,236 INFO  [Webswing Process Handler] (SwingProcessImpl.java:324) [test_admin_9a959bfc9f4b_1573884427512] 	at main.Main.main(Main.java:80)
2019-11-15 22:07:08,237 INFO  [Webswing Process Handler] (SwingProcessImpl.java:324) [test_admin_9a959bfc9f4b_1573884427512]  | 
2019-11-15 22:07:08,237 INFO  [Webswing Process Handler] (SwingProcessImpl.java:158) [test_admin_9a959bfc9f4b_1573884427512] app process terminated. 
2019-11-15 22:12:38,314 INFO  [qtp7289688-172] (DefaultConfigurationProvider.java:239) App configuration for path '/test' changed.
2019-11-15 22:12:46,834 INFO  [qtp7289688-172] (SwingProcessImpl.java:80) Starting application process [test_admin_9a959bfc9f4b_1573884766825] from [C:\Users\Alvin\Downloads\webswing-2.7\webswing-examples-2.7] :[C:\Program, Files, (x86)\Java\jre1.8.0_201\bin\java, -Xbootclasspath/a:C:/Users/Alvin/Downloads/webswing-2.7/webswing-examples-2.7/tmp/release/WEB-INF_swing-boot_webswing-api-2.7.jar;C:/Users/Alvin/Downloads/webswing-2.7/webswing-examples-2.7/tmp/release/WEB-INF_swing-boot_webswing-app-toolkit-java8-2.7.jar;C:/Users/Alvin/Downloads/webswing-2.7/webswing-examples-2.7/tmp/release/WEB-INF_swing-boot_webswing-app-toolkit-2.7.jar;C:/Users/Alvin/Downloads/webswing-2.7/webswing-examples-2.7/tmp/release/WEB-INF_swing-boot_java.desktop.modpatch-1.jar, -noverify, -Dwebswing.allowAutoDownload=true, -Dwebswing.initialUrl=http://localhost:8080/test/, -Dwebswing.sessionTimeoutIfInactive=false, -Dawt.toolkit=org.webswing.toolkit.WebToolkit8, -Dwebswing.tempDirPath=file:/C:/Users/Alvin/Downloads/webswing-2.7/webswing-examples-2.7/tmp/release/, -Dwebswing.printerJobDelegate=org.webswing.toolkit.WebPrinterJob, -Dwebswing.allowJsLink=true, -Dwebswing.transparentFileSave=true, -Dwebswing.allowUpload=true, -Dwebswing.directdraw.supported=true, -Dwebswing.sessionTimeoutSec=300, -Dwebswing.screenHeight=1287, -Dwebswing.isolatedFs=false, -Dwebswing.allowDownload=true, -Dwebswing.transparentFileOpen=true, -Dwebswing.jmsUrl=nio://127.0.0.1:34455, -Dwebswing.allowDelete=true, -Dwebswing.clientId=test_admin_9a959bfc9f4b_1573884766825, -Dwebswing.mainClass=program.Main, -Dwebswing.applicationHome=C:\Users\Alvin\Downloads\webswing-2.7\webswing-examples-2.7, -Dwebswing.compositingWindowManager=false, -Dwebswing.screenWidth=1278, -Djava.awt.printerjob=org.webswing.toolkit.WebPrinterJobWrapper, -Dwebswing.allowLocalClipboard=true, -Dwebswing.messagingApiTopicName=msgApiSharedTopic/test, -Dwebswing.classPath=mytar.jar, -Dwebswing.appId=/test, -Dwebswing.directdraw=true, -Dwebswing.transfer.dir=C:\Users\Alvin\Downloads\webswing-2.7\webswing-examples-2.7\admin\upload, -Dwebswing.theme=Murrine, -Djava.awt.graphicsenv=org.webswing.toolkit.ge.WebGraphicsEnvironment8, -Djava.awt.headless=false, -Dwebswing.jmsQueueId=test_admin_9a959bfc9f4b_1573884766825, -Dwebswing.testMode=false, -cp, C:\Users\Alvin\Downloads\webswing-2.7\webswing-examples-2.7\webswing-server.war, main.Main]
2019-11-15 22:12:47,145 INFO  [Webswing Process Handler] (SwingProcessImpl.java:324) [test_admin_9a959bfc9f4b_1573884766825] INFO: JPDFWriter library not found on classpath, fallback to FreeHEP PDF service.
2019-11-15 22:12:47,647 INFO  [Webswing Process Handler] (SwingProcessImpl.java:324) [test_admin_9a959bfc9f4b_1573884766825] INFO: ClassModificationRegister: lock acquired.
2019-11-15 22:12:47,647 INFO  [Webswing Process Handler] (SwingProcessImpl.java:324) [test_admin_9a959bfc9f4b_1573884766825] FATAL: SwingMain:main -> java.lang.ClassNotFoundException: program.Main
2019-11-15 22:12:47,649 INFO  [Webswing Process Handler] (SwingProcessImpl.java:324) [test_admin_9a959bfc9f4b_1573884766825] 	at org.webswing.classloader.SwingClassloader.loadClass(SwingClassloader.java:250)
2019-11-15 22:12:47,649 INFO  [Webswing Process Handler] (SwingProcessImpl.java:324) [test_admin_9a959bfc9f4b_1573884766825] 	at java.lang.ClassLoader.loadClass(Unknown Source)
2019-11-15 22:12:47,650 INFO  [Webswing Process Handler] (SwingProcessImpl.java:324) [test_admin_9a959bfc9f4b_1573884766825] 	at org.webswing.SwingMain.startSwingApp(SwingMain.java:57)
2019-11-15 22:12:47,651 INFO  [Webswing Process Handler] (SwingProcessImpl.java:324) [test_admin_9a959bfc9f4b_1573884766825] 	at org.webswing.SwingMain.main(SwingMain.java:46)
2019-11-15 22:12:47,651 INFO  [Webswing Process Handler] (SwingProcessImpl.java:324) [test_admin_9a959bfc9f4b_1573884766825] 	at sun.reflect.NativeMethodAccessorImpl.invoke0(Native Method)
2019-11-15 22:12:47,652 INFO  [Webswing Process Handler] (SwingProcessImpl.java:324) [test_admin_9a959bfc9f4b_1573884766825] 	at sun.reflect.NativeMethodAccessorImpl.invoke(Unknown Source)
2019-11-15 22:12:47,653 INFO  [Webswing Process Handler] (SwingProcessImpl.java:324) [test_admin_9a959bfc9f4b_1573884766825] 	at sun.reflect.DelegatingMethodAccessorImpl.invoke(Unknown Source)
2019-11-15 22:12:47,653 INFO  [Webswing Process Handler] (SwingProcessImpl.java:324) [test_admin_9a959bfc9f4b_1573884766825] 	at java.lang.reflect.Method.invoke(Unknown Source)
2019-11-15 22:12:47,654 INFO  [Webswing Process Handler] (SwingProcessImpl.java:324) [test_admin_9a959bfc9f4b_1573884766825] 	at main.Main.main(Main.java:80)
2019-11-15 22:12:47,655 INFO  [Webswing Process Handler] (SwingProcessImpl.java:324) [test_admin_9a959bfc9f4b_1573884766825]  | 
2019-11-15 22:12:47,655 INFO  [Webswing Process Handler] (SwingProcessImpl.java:158) [test_admin_9a959bfc9f4b_1573884766825] app process terminated. 
2019-11-15 22:13:02,211 INFO  [qtp7289688-156] (DefaultConfigurationProvider.java:239) App configuration for path '/test' changed.
2019-11-15 22:13:06,500 INFO  [qtp7289688-156] (SwingProcessImpl.java:80) Starting application process [test_admin_9a959bfc9f4b_1573884786485] from [C:\Users\Alvin\Downloads\webswing-2.7\webswing-examples-2.7] :[C:\Program, Files, (x86)\Java\jre1.8.0_201\bin\java, -Xbootclasspath/a:C:/Users/Alvin/Downloads/webswing-2.7/webswing-examples-2.7/tmp/release/WEB-INF_swing-boot_webswing-api-2.7.jar;C:/Users/Alvin/Downloads/webswing-2.7/webswing-examples-2.7/tmp/release/WEB-INF_swing-boot_webswing-app-toolkit-java8-2.7.jar;C:/Users/Alvin/Downloads/webswing-2.7/webswing-examples-2.7/tmp/release/WEB-INF_swing-boot_webswing-app-toolkit-2.7.jar;C:/Users/Alvin/Downloads/webswing-2.7/webswing-examples-2.7/tmp/release/WEB-INF_swing-boot_java.desktop.modpatch-1.jar, -noverify, -Dwebswing.allowAutoDownload=true, -Dwebswing.initialUrl=http://localhost:8080/test/, -Dwebswing.sessionTimeoutIfInactive=false, -Dawt.toolkit=org.webswing.toolkit.WebToolkit8, -Dwebswing.tempDirPath=file:/C:/Users/Alvin/Downloads/webswing-2.7/webswing-examples-2.7/tmp/release/, -Dwebswing.printerJobDelegate=org.webswing.toolkit.WebPrinterJob, -Dwebswing.allowJsLink=true, -Dwebswing.transparentFileSave=true, -Dwebswing.allowUpload=true, -Dwebswing.directdraw.supported=true, -Dwebswing.sessionTimeoutSec=300, -Dwebswing.screenHeight=1287, -Dwebswing.isolatedFs=false, -Dwebswing.allowDownload=true, -Dwebswing.transparentFileOpen=true, -Dwebswing.jmsUrl=nio://127.0.0.1:34455, -Dwebswing.allowDelete=true, -Dwebswing.clientId=test_admin_9a959bfc9f4b_1573884786485, -Dwebswing.mainClass=main.Main, -Dwebswing.applicationHome=C:\Users\Alvin\Downloads\webswing-2.7\webswing-examples-2.7, -Dwebswing.compositingWindowManager=false, -Dwebswing.screenWidth=1278, -Djava.awt.printerjob=org.webswing.toolkit.WebPrinterJobWrapper, -Dwebswing.allowLocalClipboard=true, -Dwebswing.messagingApiTopicName=msgApiSharedTopic/test, -Dwebswing.classPath=mytar.jar, -Dwebswing.appId=/test, -Dwebswing.directdraw=true, -Dwebswing.transfer.dir=C:\Users\Alvin\Downloads\webswing-2.7\webswing-examples-2.7\admin\upload, -Dwebswing.theme=Murrine, -Djava.awt.graphicsenv=org.webswing.toolkit.ge.WebGraphicsEnvironment8, -Djava.awt.headless=false, -Dwebswing.jmsQueueId=test_admin_9a959bfc9f4b_1573884786485, -Dwebswing.testMode=false, -cp, C:\Users\Alvin\Downloads\webswing-2.7\webswing-examples-2.7\webswing-server.war, main.Main]
2019-11-15 22:13:06,818 INFO  [Webswing Process Handler] (SwingProcessImpl.java:324) [test_admin_9a959bfc9f4b_1573884786485] INFO: JPDFWriter library not found on classpath, fallback to FreeHEP PDF service.
2019-11-15 22:13:07,316 INFO  [Webswing Process Handler] (SwingProcessImpl.java:324) [test_admin_9a959bfc9f4b_1573884786485] INFO: ClassModificationRegister: lock acquired.
2019-11-15 22:13:07,417 INFO  [Webswing Process Handler] (SwingProcessImpl.java:324) [test_admin_9a959bfc9f4b_1573884786485] INFO: JPDFWriter library not found on classpath, fallback to FreeHEP PDF service.
2019-11-15 22:13:07,617 INFO  [Webswing Process Handler] (SwingProcessImpl.java:324) [test_admin_9a959bfc9f4b_1573884786485] FATAL: SwingMain:main -> java.nio.channels.OverlappingFileLockException
2019-11-15 22:13:07,617 INFO  [Webswing Process Handler] (SwingProcessImpl.java:324) [test_admin_9a959bfc9f4b_1573884786485] 	at sun.nio.ch.SharedFileLockTable.checkList(Unknown Source)
2019-11-15 22:13:07,620 INFO  [Webswing Process Handler] (SwingProcessImpl.java:324) [test_admin_9a959bfc9f4b_1573884786485] 	at sun.nio.ch.SharedFileLockTable.add(Unknown Source)
2019-11-15 22:13:07,621 INFO  [Webswing Process Handler] (SwingProcessImpl.java:324) [test_admin_9a959bfc9f4b_1573884786485] 	at sun.nio.ch.FileChannelImpl.tryLock(Unknown Source)
2019-11-15 22:13:07,622 INFO  [Webswing Process Handler] (SwingProcessImpl.java:324) [test_admin_9a959bfc9f4b_1573884786485] 	at java.nio.channels.FileChannel.tryLock(Unknown Source)
2019-11-15 22:13:07,623 INFO  [Webswing Process Handler] (SwingProcessImpl.java:324) [test_admin_9a959bfc9f4b_1573884786485] 	at org.webswing.classloader.ClassModificationRegister.acquireLock(ClassModificationRegister.java:39)
2019-11-15 22:13:07,624 INFO  [Webswing Process Handler] (SwingProcessImpl.java:324) [test_admin_9a959bfc9f4b_1573884786485] 	at org.webswing.classloader.ClassModificationRegister.<init>(ClassModificationRegister.java:25)
2019-11-15 22:13:07,626 INFO  [Webswing Process Handler] (SwingProcessImpl.java:324) [test_admin_9a959bfc9f4b_1573884786485] 	at org.webswing.classloader.SwingClassloader.<init>(SwingClassloader.java:166)
2019-11-15 22:13:07,627 INFO  [Webswing Process Handler] (SwingProcessImpl.java:324) [test_admin_9a959bfc9f4b_1573884786485] 	at org.webswing.classloader.SwingClassLoaderFactory.createSwingClassLoader(SwingClassLoaderFactory.java:22)
2019-11-15 22:13:07,628 INFO  [Webswing Process Handler] (SwingProcessImpl.java:324) [test_admin_9a959bfc9f4b_1573884786485] 	at org.webswing.SwingMain.main(SwingMain.java:40)
2019-11-15 22:13:07,633 INFO  [Webswing Process Handler] (SwingProcessImpl.java:324) [test_admin_9a959bfc9f4b_1573884786485] 	at sun.reflect.NativeMethodAccessorImpl.invoke0(Native Method)
2019-11-15 22:13:07,634 INFO  [Webswing Process Handler] (SwingProcessImpl.java:324) [test_admin_9a959bfc9f4b_1573884786485] 	at sun.reflect.NativeMethodAccessorImpl.invoke(Unknown Source)
2019-11-15 22:13:07,634 INFO  [Webswing Process Handler] (SwingProcessImpl.java:324) [test_admin_9a959bfc9f4b_1573884786485] 	at sun.reflect.DelegatingMethodAccessorImpl.invoke(Unknown Source)
2019-11-15 22:13:07,635 INFO  [Webswing Process Handler] (SwingProcessImpl.java:324) [test_admin_9a959bfc9f4b_1573884786485] 	at java.lang.reflect.Method.invoke(Unknown Source)
2019-11-15 22:13:07,636 INFO  [Webswing Process Handler] (SwingProcessImpl.java:324) [test_admin_9a959bfc9f4b_1573884786485] 	at main.Main.main(Main.java:80)
2019-11-15 22:13:07,638 INFO  [Webswing Process Handler] (SwingProcessImpl.java:324) [test_admin_9a959bfc9f4b_1573884786485] 	at sun.reflect.NativeMethodAccessorImpl.invoke0(Native Method)
2019-11-15 22:13:07,639 INFO  [Webswing Process Handler] (SwingProcessImpl.java:324) [test_admin_9a959bfc9f4b_1573884786485] 	at sun.reflect.NativeMethodAccessorImpl.invoke(Unknown Source)
2019-11-15 22:13:07,640 INFO  [Webswing Process Handler] (SwingProcessImpl.java:324) [test_admin_9a959bfc9f4b_1573884786485] 	at sun.reflect.DelegatingMethodAccessorImpl.invoke(Unknown Source)
2019-11-15 22:13:07,644 INFO  [Webswing Process Handler] (SwingProcessImpl.java:324) [test_admin_9a959bfc9f4b_1573884786485] 	at java.lang.reflect.Method.invoke(Unknown Source)
2019-11-15 22:13:07,645 INFO  [Webswing Process Handler] (SwingProcessImpl.java:324) [test_admin_9a959bfc9f4b_1573884786485] 	at org.webswing.SwingMain.startSwingApp(SwingMain.java:63)
2019-11-15 22:13:07,646 INFO  [Webswing Process Handler] (SwingProcessImpl.java:324) [test_admin_9a959bfc9f4b_1573884786485] 	at org.webswing.SwingMain.main(SwingMain.java:46)
2019-11-15 22:13:07,647 INFO  [Webswing Process Handler] (SwingProcessImpl.java:324) [test_admin_9a959bfc9f4b_1573884786485] 	at sun.reflect.NativeMethodAccessorImpl.invoke0(Native Method)
2019-11-15 22:13:07,648 INFO  [Webswing Process Handler] (SwingProcessImpl.java:324) [test_admin_9a959bfc9f4b_1573884786485] 	at sun.reflect.NativeMethodAccessorImpl.invoke(Unknown Source)
2019-11-15 22:13:07,649 INFO  [Webswing Process Handler] (SwingProcessImpl.java:324) [test_admin_9a959bfc9f4b_1573884786485] 	at sun.reflect.DelegatingMethodAccessorImpl.invoke(Unknown Source)
2019-11-15 22:13:07,650 INFO  [Webswing Process Handler] (SwingProcessImpl.java:324) [test_admin_9a959bfc9f4b_1573884786485] 	at java.lang.reflect.Method.invoke(Unknown Source)
2019-11-15 22:13:07,652 INFO  [Webswing Process Handler] (SwingProcessImpl.java:324) [test_admin_9a959bfc9f4b_1573884786485] 	at main.Main.main(Main.java:80)
2019-11-15 22:13:07,656 INFO  [Webswing Process Handler] (SwingProcessImpl.java:324) [test_admin_9a959bfc9f4b_1573884786485]  | 
2019-11-15 22:13:07,657 INFO  [Webswing Process Handler] (SwingProcessImpl.java:158) [test_admin_9a959bfc9f4b_1573884786485] app process terminated. 
2019-11-15 22:17:40,295 INFO  [qtp7289688-47] (DefaultConfigurationProvider.java:239) App configuration for path '/test' changed.
2019-11-15 22:17:48,146 INFO  [qtp7289688-47] (SwingProcessImpl.java:80) Starting application process [test_admin_9a959bfc9f4b_1573885068137] from [C:\Users\Alvin\Downloads\webswing-2.7\webswing-examples-2.7] :[C:\Program, Files, (x86)\Java\jre1.8.0_201\bin\java, -Xbootclasspath/a:C:/Users/Alvin/Downloads/webswing-2.7/webswing-examples-2.7/tmp/release/WEB-INF_swing-boot_webswing-api-2.7.jar;C:/Users/Alvin/Downloads/webswing-2.7/webswing-examples-2.7/tmp/release/WEB-INF_swing-boot_webswing-app-toolkit-java8-2.7.jar;C:/Users/Alvin/Downloads/webswing-2.7/webswing-examples-2.7/tmp/release/WEB-INF_swing-boot_webswing-app-toolkit-2.7.jar;C:/Users/Alvin/Downloads/webswing-2.7/webswing-examples-2.7/tmp/release/WEB-INF_swing-boot_java.desktop.modpatch-1.jar, -noverify, -Dwebswing.allowAutoDownload=true, -Dwebswing.initialUrl=http://localhost:8080/test/, -Dwebswing.sessionTimeoutIfInactive=false, -Dawt.toolkit=org.webswing.toolkit.WebToolkit8, -Dwebswing.tempDirPath=file:/C:/Users/Alvin/Downloads/webswing-2.7/webswing-examples-2.7/tmp/release/, -Dwebswing.printerJobDelegate=org.webswing.toolkit.WebPrinterJob, -Dwebswing.allowJsLink=true, -Dwebswing.transparentFileSave=true, -Dwebswing.allowUpload=true, -Dwebswing.directdraw.supported=true, -Dwebswing.sessionTimeoutSec=300, -Dwebswing.screenHeight=1238, -Dwebswing.isolatedFs=false, -Dwebswing.allowDownload=true, -Dwebswing.transparentFileOpen=true, -Dwebswing.jmsUrl=nio://127.0.0.1:34455, -Dwebswing.allowDelete=true, -Dwebswing.clientId=test_admin_9a959bfc9f4b_1573885068137, -Dwebswing.mainClass=program.Main, -Dwebswing.applicationHome=C:\Users\Alvin\Downloads\webswing-2.7\webswing-examples-2.7, -Dwebswing.compositingWindowManager=false, -Dwebswing.screenWidth=1278, -Djava.awt.printerjob=org.webswing.toolkit.WebPrinterJobWrapper, -Dwebswing.allowLocalClipboard=true, -Dwebswing.messagingApiTopicName=msgApiSharedTopic/test, -Dwebswing.classPath=Untitled.jar, -Dwebswing.appId=/test, -Dwebswing.directdraw=true, -Dwebswing.transfer.dir=C:\Users\Alvin\Downloads\webswing-2.7\webswing-examples-2.7\admin\upload, -Dwebswing.theme=Murrine, -Djava.awt.graphicsenv=org.webswing.toolkit.ge.WebGraphicsEnvironment8, -Djava.awt.headless=false, -Dwebswing.jmsQueueId=test_admin_9a959bfc9f4b_1573885068137, -Dwebswing.testMode=false, -cp, C:\Users\Alvin\Downloads\webswing-2.7\webswing-examples-2.7\webswing-server.war, main.Main]
2019-11-15 22:17:48,460 INFO  [Webswing Process Handler] (SwingProcessImpl.java:324) [test_admin_9a959bfc9f4b_1573885068137] INFO: JPDFWriter library not found on classpath, fallback to FreeHEP PDF service.
2019-11-15 22:17:48,959 INFO  [Webswing Process Handler] (SwingProcessImpl.java:324) [test_admin_9a959bfc9f4b_1573885068137] INFO: ClassModificationRegister: lock acquired.
2019-11-15 22:17:49,759 ERROR [Webswing Process Handler] (SwingProcessImpl.java:322) [test_admin_9a959bfc9f4b_1573885068137] 1395 [AWT-EventQueue-0] WARN org.webswing.services.impl.ddutil.FastDirectDrawServicesAdapter - Logical font Dialog not defined in font configuration. Using default browser counterpart.
2019-11-15 22:17:59,259 INFO  [Webswing Process Handler] (SwingProcessImpl.java:324) [test_admin_9a959bfc9f4b_1573885068137] INFO: WebPaintDispatcher:notifyFileTransferBarActive Open
2019-11-15 22:18:47,859 INFO  [Webswing Process Handler] (SwingProcessImpl.java:324) [test_admin_9a959bfc9f4b_1573885068137] INFO: WebPaintDispatcher:notifyFileTransferBarHidden Close
2019-11-15 22:18:49,860 INFO  [Webswing Process Handler] (SwingProcessImpl.java:324) [test_admin_9a959bfc9f4b_1573885068137] INFO: WebPaintDispatcher:notifyFileTransferBarActive Open
2019-11-15 22:18:52,559 INFO  [Webswing Process Handler] (SwingProcessImpl.java:324) [test_admin_9a959bfc9f4b_1573885068137] INFO: WebPaintDispatcher:notifyFileTransferBarHidden Close
